Client said date; ls -l junk.txt; touch junk.txt; ls -l junk.txt 
 from Thread ID= 1906554624

 Command input from client :
 date; ls -l junk.txt; touch junk.txt; ls -l junk.txt 

 Message to client:
Mon Jul 30 01:27:05 CDT 2018
-rw-------+ 1 pvl120030 ce 0 Jul 30 01:27 junk.txt
Done to execute
Client said date; ls -l junk.txt; rm -f junk.txt; ls -l junk.txt  
 from Thread ID= 1914947328

 Command input from client :
 date; ls -l junk.txt; rm -f junk.txt; ls -l junk.txt  

 Message to client:
Mon Jul 30 01:27:07 CDT 2018
-rw-------+ 1 pvl120030 ce 0 Jul 30 01:27 junk.txt
Done to execute
Client said date; ls -l junk.txt; rm -f junk.txt; ls -l junk.txt  
 from Thread ID= 1914947328

 Command input from client :
 date; ls -l junk.txt; rm -f junk.txt; ls -l junk.txt  

 Message to client:
Mon Jul 30 01:27:09 CDT 2018
Done to execute
Client said date; ls -l junk.txt; touch junk.txt; ls -l junk.txt 
 from Thread ID= 1906554624

 Command input from client :
 date; ls -l junk.txt; touch junk.txt; ls -l junk.txt 

 Message to client:
Mon Jul 30 01:27:11 CDT 2018
-rw-------+ 1 pvl120030 ce 0 Jul 30 01:27 junk.txt
Done to execute
Client said date; ls -l junk.txt; rm -f junk.txt; ls -l junk.txt  
 from Thread ID= 1914947328

 Command input from client :
 date; ls -l junk.txt; rm -f junk.txt; ls -l junk.txt  

 Message to client:
Mon Jul 30 01:27:12 CDT 2018
-rw-------+ 1 pvl120030 ce 0 Jul 30 01:27 junk.txt
Done to execute
Client said date; ls -l junk.txt; rm -f junk.txt; ls -l junk.txt  
 from Thread ID= 1914947328

 Command input from client :
 date; ls -l junk.txt; rm -f junk.txt; ls -l junk.txt  

 Message to client:
Mon Jul 30 01:27:14 CDT 2018
Done to execute
Client said date; ls -l junk.txt; rm -f junk.txt; ls -l junk.txt  
 from Thread ID= 1914947328

 Command input from client :
 date; ls -l junk.txt; rm -f junk.txt; ls -l junk.txt  

 Message to client:
Mon Jul 30 01:27:16 CDT 2018
Done to execute
Client said date; ls -l junk.txt; touch junk.txt; ls -l junk.txt 
 from Thread ID= 1906554624

 Command input from client :
 date; ls -l junk.txt; touch junk.txt; ls -l junk.txt 

 Message to client:
Mon Jul 30 01:27:17 CDT 2018
-rw-------+ 1 pvl120030 ce 0 Jul 30 01:27 junk.txt
Done to execute
Client said date; ls -l junk.txt; rm -f junk.txt; ls -l junk.txt  
 from Thread ID= 1914947328

 Command input from client :
 date; ls -l junk.txt; rm -f junk.txt; ls -l junk.txt  

 Message to client:
Mon Jul 30 01:27:18 CDT 2018
-rw-------+ 1 pvl120030 ce 0 Jul 30 01:27 junk.txt
Done to execute
Client said date; ls -l junk.txt; rm -f junk.txt; ls -l junk.txt  
 from Thread ID= 1914947328

 Command input from client :
 date; ls -l junk.txt; rm -f junk.txt; ls -l junk.txt  

 Message to client:
Mon Jul 30 01:27:20 CDT 2018
Done to execute
Client said date; ls -l junk.txt; rm -f junk.txt; ls -l junk.txt  
 from Thread ID= 1914947328

 Command input from client :
 date; ls -l junk.txt; rm -f junk.txt; ls -l junk.txt  

 Message to client:
Mon Jul 30 01:27:22 CDT 2018
Done to execute
Client said date; ls -l junk.txt; touch junk.txt; ls -l junk.txt 
 from Thread ID= 1906554624

 Command input from client :
 date; ls -l junk.txt; touch junk.txt; ls -l junk.txt 

 Message to client:
Mon Jul 30 01:27:24 CDT 2018
-rw-------+ 1 pvl120030 ce 0 Jul 30 01:27 junk.txt
Done to execute
Client said date; ls -l junk.txt; rm -f junk.txt; ls -l junk.txt  
 from Thread ID= 1914947328

 Command input from client :
 date; ls -l junk.txt; rm -f junk.txt; ls -l junk.txt  

 Message to client:
Mon Jul 30 01:27:25 CDT 2018
-rw-------+ 1 pvl120030 ce 0 Jul 30 01:27 junk.txt
Done to execute
Client said date; ls -l junk.txt; rm -f junk.txt; ls -l junk.txt  
 from Thread ID= 1914947328

 Command input from client :
 date; ls -l junk.txt; rm -f junk.txt; ls -l junk.txt  

 Message to client:
Mon Jul 30 01:27:27 CDT 2018
Done to execute
Client said date; ls -l junk.txt; rm -f junk.txt; ls -l junk.txt  
 from Thread ID= 1914947328

 Command input from client :
 date; ls -l junk.txt; rm -f junk.txt; ls -l junk.txt  

 Message to client:
Mon Jul 30 01:27:29 CDT 2018
Done to execute
Client said date; ls -l junk.txt; touch junk.txt; ls -l junk.txt 
 from Thread ID= 1906554624

 Command input from client :
 date; ls -l junk.txt; touch junk.txt; ls -l junk.txt 

 Message to client:
Mon Jul 30 01:27:30 CDT 2018
-rw-------+ 1 pvl120030 ce 0 Jul 30 01:27 junk.txt
Done to execute
Client said date; ls -l junk.txt; rm -f junk.txt; ls -l junk.txt  
 from Thread ID= 1914947328

 Command input from client :
 date; ls -l junk.txt; rm -f junk.txt; ls -l junk.txt  

 Message to client:
Mon Jul 30 01:27:31 CDT 2018
-rw-------+ 1 pvl120030 ce 0 Jul 30 01:27 junk.txt
Done to execute
Client said date; ls -l junk.txt; rm -f junk.txt; ls -l junk.txt  
 from Thread ID= 1914947328

 Command input from client :
 date; ls -l junk.txt; rm -f junk.txt; ls -l junk.txt  

 Message to client:
Mon Jul 30 01:27:33 CDT 2018
Done to execute
Client said date; ls -l junk.txt; rm -f junk.txt; ls -l junk.txt  
 from Thread ID= 1914947328

 Command input from client :
 date; ls -l junk.txt; rm -f junk.txt; ls -l junk.txt  

 Message to client:
Mon Jul 30 01:27:35 CDT 2018
Done to execute
Client said date; ls -l junk.txt; touch junk.txt; ls -l junk.txt 
 from Thread ID= 1906554624

 Command input from client :
 date; ls -l junk.txt; touch junk.txt; ls -l junk.txt 

 Message to client:
Mon Jul 30 01:27:36 CDT 2018
-rw-------+ 1 pvl120030 ce 0 Jul 30 01:27 junk.txt
Done to execute
Client said date; ls -l junk.txt; rm -f junk.txt; ls -l junk.txt  
 from Thread ID= 1914947328

 Command input from client :
 date; ls -l junk.txt; rm -f junk.txt; ls -l junk.txt  

 Message to client:
Mon Jul 30 01:27:38 CDT 2018
-rw-------+ 1 pvl120030 ce 0 Jul 30 01:27 junk.txt
Done to execute
Client said date; ls -l junk.txt; rm -f junk.txt; ls -l junk.txt  
 from Thread ID= 1914947328

 Command input from client :
 date; ls -l junk.txt; rm -f junk.txt; ls -l junk.txt  

 Message to client:
Mon Jul 30 01:27:40 CDT 2018
Done to execute
Client said date; ls -l junk.txt; rm -f junk.txt; ls -l junk.txt  
 from Thread ID= 1914947328

 Command input from client :
 date; ls -l junk.txt; rm -f junk.txt; ls -l junk.txt  

 Message to client:
Mon Jul 30 01:27:42 CDT 2018
Done to execute
Client said date; ls -l junk.txt; touch junk.txt; ls -l junk.txt 
 from Thread ID= 1906554624

 Command input from client :
 date; ls -l junk.txt; touch junk.txt; ls -l junk.txt 

 Message to client:
Mon Jul 30 01:27:42 CDT 2018
-rw-------+ 1 pvl120030 ce 0 Jul 30 01:27 junk.txt
Done to execute
Client said date; ls -l junk.txt; rm -f junk.txt; ls -l junk.txt  
 from Thread ID= 1914947328

 Command input from client :
 date; ls -l junk.txt; rm -f junk.txt; ls -l junk.txt  

 Message to client:
Mon Jul 30 01:27:44 CDT 2018
-rw-------+ 1 pvl120030 ce 0 Jul 30 01:27 junk.txt
Done to execute
Client said date; ls -l junk.txt; rm -f junk.txt; ls -l junk.txt  
 from Thread ID= 1914947328

 Command input from client :
 date; ls -l junk.txt; rm -f junk.txt; ls -l junk.txt  

 Message to client:
Mon Jul 30 01:27:46 CDT 2018
Done to execute
Client said date; ls -l junk.txt; rm -f junk.txt; ls -l junk.txt  
 from Thread ID= 1914947328

 Command input from client :
 date; ls -l junk.txt; rm -f junk.txt; ls -l junk.txt  
Client said date; ls -l junk.txt; touch junk.txt; ls -l junk.txt 
 from Thread ID= 1906554624

 Command input from client :
 date; ls -l junk.txt; touch junk.txt; ls -l junk.txt 

 Message to client:
Mon Jul 30 01:27:49 CDT 2018
Done to execute

 Message to client:
Mon Jul 30 01:27:49 CDT 2018
-rw-------+ 1 pvl120030 ce 0 Jul 30 01:27 junk.txt
Done to execute
Client said date; ls -l junk.txt; rm -f junk.txt; ls -l junk.txt  
 from Thread ID= 1914947328

 Command input from client :
 date; ls -l junk.txt; rm -f junk.txt; ls -l junk.txt  

 Message to client:
Mon Jul 30 01:27:51 CDT 2018
-rw-------+ 1 pvl120030 ce 0 Jul 30 01:27 junk.txt
Done to execute
Client said date; ls -l junk.txt; rm -f junk.txt; ls -l junk.txt  
 from Thread ID= 1914947328

 Command input from client :
 date; ls -l junk.txt; rm -f junk.txt; ls -l junk.txt  

 Message to client:
Mon Jul 30 01:27:53 CDT 2018
Done to execute
Client said date; ls -l junk.txt; touch junk.txt; ls -l junk.txt 
 from Thread ID= 1906554624

 Command input from client :
 date; ls -l junk.txt; touch junk.txt; ls -l junk.txt 

 Message to client:
Mon Jul 30 01:27:55 CDT 2018
-rw-------+ 1 pvl120030 ce 0 Jul 30 01:27 junk.txt
Done to execute
Client said date; ls -l junk.txt; rm -f junk.txt; ls -l junk.txt  
 from Thread ID= 1914947328

 Command input from client :
 date; ls -l junk.txt; rm -f junk.txt; ls -l junk.txt  

 Message to client:
Mon Jul 30 01:27:55 CDT 2018
-rw-------+ 1 pvl120030 ce 0 Jul 30 01:27 junk.txt
Done to execute
Client said date; ls -l junk.txt; rm -f junk.txt; ls -l junk.txt  
 from Thread ID= 1914947328

 Command input from client :
 date; ls -l junk.txt; rm -f junk.txt; ls -l junk.txt  

 Message to client:
Mon Jul 30 01:27:57 CDT 2018
Done to execute
Client said date; ls -l junk.txt; rm -f junk.txt; ls -l junk.txt  
 from Thread ID= 1914947328

 Command input from client :
 date; ls -l junk.txt; rm -f junk.txt; ls -l junk.txt  

 Message to client:
Mon Jul 30 01:28:00 CDT 2018
Done to execute
Client said date; ls -l junk.txt; touch junk.txt; ls -l junk.txt 
 from Thread ID= 1906554624

 Command input from client :
 date; ls -l junk.txt; touch junk.txt; ls -l junk.txt 

 Message to client:
Mon Jul 30 01:28:01 CDT 2018
-rw-------+ 1 pvl120030 ce 0 Jul 30 01:28 junk.txt
Done to execute
Client said date; ls -l junk.txt; rm -f junk.txt; ls -l junk.txt  
 from Thread ID= 1914947328

 Command input from client :
 date; ls -l junk.txt; rm -f junk.txt; ls -l junk.txt  

 Message to client:
Mon Jul 30 01:28:02 CDT 2018
-rw-------+ 1 pvl120030 ce 0 Jul 30 01:28 junk.txt
Done to execute
Client said date; ls -l junk.txt; rm -f junk.txt; ls -l junk.txt  
 from Thread ID= 1914947328

 Command input from client :
 date; ls -l junk.txt; rm -f junk.txt; ls -l junk.txt  

 Message to client:
Mon Jul 30 01:28:04 CDT 2018
Done to execute
Client said date; ls -l junk.txt; rm -f junk.txt; ls -l junk.txt  
 from Thread ID= 1914947328

 Command input from client :
 date; ls -l junk.txt; rm -f junk.txt; ls -l junk.txt  

 Message to client:
Mon Jul 30 01:28:06 CDT 2018
Done to execute
Client said date; ls -l junk.txt; rm -f junk.txt; ls -l junk.txt  
 from Thread ID= 1914947328

 Command input from client :
 date; ls -l junk.txt; rm -f junk.txt; ls -l junk.txt  

 Message to client:
Mon Jul 30 01:28:08 CDT 2018
Done to execute
