Client said date; ls -l junk.txt; touch junk.txt 
 from Thread ID= 3957905152

 Command input from client :
 date; ls -l junk.txt; touch junk.txt 

 Message to client:
Mon Jul 30 01:30:27 CDT 2018
Done to execute
Client said date; ls -l junk.txt; rm -f junk.txt 
 from Thread ID= 4034922240

 Command input from client :
 date; ls -l junk.txt; rm -f junk.txt 

 Message to client:
Mon Jul 30 01:30:29 CDT 2018
-rw-------+ 1 pvl120030 ce 0 Jul 30 01:30 junk.txt
Done to execute
Client said date; ls -l junk.txt; touch junk.txt 
 from Thread ID= 3957905152

 Command input from client :
 date; ls -l junk.txt; touch junk.txt 

 Message to client:
Mon Jul 30 01:30:29 CDT 2018
Done to execute
Client said date; ls -l junk.txt; uname -a 
 from Thread ID= 4043314944

 Command input from client :
 date; ls -l junk.txt; uname -a 

 Message to client:
Mon Jul 30 01:30:30 CDT 2018
-rw-------+ 1 pvl120030 ce 0 Jul 30 01:30 junk.txt
Linux cslinux1.utdallas.edu 3.10.0-693.21.1.el7.x86_64 #1 SMP Wed Mar 7 19:03:37 UTC 2018 x86_64 x86_64 x86_64 GNU/Linux
Done to execute
Client said date; ls -l junk.txt; uname -a 
 from Thread ID= 4043314944

 Command input from client :
 date; ls -l junk.txt; uname -a 

 Message to client:
Mon Jul 30 01:30:31 CDT 2018
-rw-------+ 1 pvl120030 ce 0 Jul 30 01:30 junk.txt
Linux cslinux1.utdallas.edu 3.10.0-693.21.1.el7.x86_64 #1 SMP Wed Mar 7 19:03:37 UTC 2018 x86_64 x86_64 x86_64 GNU/Linux
Done to execute
Client said date; ls -l junk.txt; touch junk.txt 
 from Thread ID= 3957905152

 Command input from client :
 date; ls -l junk.txt; touch junk.txt 

 Message to client:
Mon Jul 30 01:30:32 CDT 2018
-rw-------+ 1 pvl120030 ce 0 Jul 30 01:30 junk.txt
Done to execute
Client said date; ls -l junk.txt; rm -f junk.txt 
 from Thread ID= 4034922240

 Command input from client :
 date; ls -l junk.txt; rm -f junk.txt 

 Message to client:
Mon Jul 30 01:30:32 CDT 2018
-rw-------+ 1 pvl120030 ce 0 Jul 30 01:30 junk.txt
Done to execute
Client said date; ls -l junk.txt; uname -a 
 from Thread ID= 4043314944

 Command input from client :
 date; ls -l junk.txt; uname -a 

 Message to client:
Mon Jul 30 01:30:32 CDT 2018
Linux cslinux1.utdallas.edu 3.10.0-693.21.1.el7.x86_64 #1 SMP Wed Mar 7 19:03:37 UTC 2018 x86_64 x86_64 x86_64 GNU/Linux
Done to execute
Client said date; ls -l junk.txt; uname -a 
 from Thread ID= 4043314944

 Command input from client :
 date; ls -l junk.txt; uname -a 

 Message to client:
Mon Jul 30 01:30:33 CDT 2018
Linux cslinux1.utdallas.edu 3.10.0-693.21.1.el7.x86_64 #1 SMP Wed Mar 7 19:03:37 UTC 2018 x86_64 x86_64 x86_64 GNU/Linux
Done to execute
Client said date; ls -l junk.txt; touch junk.txt 
 from Thread ID= 3957905152

 Command input from client :
 date; ls -l junk.txt; touch junk.txt 

 Message to client:
Mon Jul 30 01:30:34 CDT 2018
Done to execute
Client said date; ls -l junk.txt; uname -a 
 from Thread ID= 4043314944

 Command input from client :
 date; ls -l junk.txt; uname -a 

 Message to client:
Mon Jul 30 01:30:35 CDT 2018
-rw-------+ 1 pvl120030 ce 0 Jul 30 01:30 junk.txt
Linux cslinux1.utdallas.edu 3.10.0-693.21.1.el7.x86_64 #1 SMP Wed Mar 7 19:03:37 UTC 2018 x86_64 x86_64 x86_64 GNU/Linux
Done to execute
Client said date; ls -l junk.txt; rm -f junk.txt 
 from Thread ID= 4034922240

 Command input from client :
 date; ls -l junk.txt; rm -f junk.txt 

 Message to client:
Mon Jul 30 01:30:35 CDT 2018
-rw-------+ 1 pvl120030 ce 0 Jul 30 01:30 junk.txt
Done to execute
Client said date; ls -l junk.txt; uname -a 
 from Thread ID= 4043314944

 Command input from client :
 date; ls -l junk.txt; uname -a 

 Message to client:
Mon Jul 30 01:30:36 CDT 2018
Linux cslinux1.utdallas.edu 3.10.0-693.21.1.el7.x86_64 #1 SMP Wed Mar 7 19:03:37 UTC 2018 x86_64 x86_64 x86_64 GNU/Linux
Done to execute
Client said date; ls -l junk.txt; touch junk.txt 
 from Thread ID= 3957905152

 Command input from client :
 date; ls -l junk.txt; touch junk.txt 

 Message to client:
Mon Jul 30 01:30:36 CDT 2018
Done to execute
Client said date; ls -l junk.txt; uname -a 
 from Thread ID= 4043314944

 Command input from client :
 date; ls -l junk.txt; uname -a 

 Message to client:
Mon Jul 30 01:30:37 CDT 2018
-rw-------+ 1 pvl120030 ce 0 Jul 30 01:30 junk.txt
Linux cslinux1.utdallas.edu 3.10.0-693.21.1.el7.x86_64 #1 SMP Wed Mar 7 19:03:37 UTC 2018 x86_64 x86_64 x86_64 GNU/Linux
Done to execute
Client said date; ls -l junk.txt; uname -a 
 from Thread ID= 4043314944

 Command input from client :
 date; ls -l junk.txt; uname -a 

 Message to client:
Mon Jul 30 01:30:38 CDT 2018
-rw-------+ 1 pvl120030 ce 0 Jul 30 01:30 junk.txt
Linux cslinux1.utdallas.edu 3.10.0-693.21.1.el7.x86_64 #1 SMP Wed Mar 7 19:03:37 UTC 2018 x86_64 x86_64 x86_64 GNU/Linux
Done to execute
Client said date; ls -l junk.txt; rm -f junk.txt 
 from Thread ID= 4034922240
Client said date; ls -l junk.txt; touch junk.txt 
 from Thread ID= 3957905152

 Command input from client :
 date; ls -l junk.txt; rm -f junk.txt 

 Command input from client :
 date; ls -l junk.txt; touch junk.txt 

 Message to client:
Mon Jul 30 01:30:38 CDT 2018
-rw-------+ 1 pvl120030 ce 0 Jul 30 01:30 junk.txt
Done to execute

 Message to client:
Mon Jul 30 01:30:38 CDT 2018
Done to execute
Client said date; ls -l junk.txt; uname -a 
 from Thread ID= 4043314944

 Command input from client :
 date; ls -l junk.txt; uname -a 

 Message to client:
Mon Jul 30 01:30:39 CDT 2018
-rw-------+ 1 pvl120030 ce 0 Jul 30 01:30 junk.txt
Linux cslinux1.utdallas.edu 3.10.0-693.21.1.el7.x86_64 #1 SMP Wed Mar 7 19:03:37 UTC 2018 x86_64 x86_64 x86_64 GNU/Linux
Done to execute
Client said date; ls -l junk.txt; uname -a 
 from Thread ID= 4043314944

 Command input from client :
 date; ls -l junk.txt; uname -a 

 Message to client:
Mon Jul 30 01:30:40 CDT 2018
-rw-------+ 1 pvl120030 ce 0 Jul 30 01:30 junk.txt
Linux cslinux1.utdallas.edu 3.10.0-693.21.1.el7.x86_64 #1 SMP Wed Mar 7 19:03:37 UTC 2018 x86_64 x86_64 x86_64 GNU/Linux
Done to execute
Client said date; ls -l junk.txt; touch junk.txt 
 from Thread ID= 3957905152

 Command input from client :
 date; ls -l junk.txt; touch junk.txt 

 Message to client:
Mon Jul 30 01:30:41 CDT 2018
-rw-------+ 1 pvl120030 ce 0 Jul 30 01:30 junk.txt
Done to execute
Client said date; ls -l junk.txt; uname -a 
 from Thread ID= 4043314944
Client said date; ls -l junk.txt; rm -f junk.txt 
 from Thread ID= 4034922240

 Command input from client :
 date; ls -l junk.txt; uname -a 

 Command input from client :
 date; ls -l junk.txt; rm -f junk.txt 

 Message to client:
Mon Jul 30 01:30:42 CDT 2018
-rw-------+ 1 pvl120030 ce 0 Jul 30 01:30 junk.txt
Linux cslinux1.utdallas.edu 3.10.0-693.21.1.el7.x86_64 #1 SMP Wed Mar 7 19:03:37 UTC 2018 x86_64 x86_64 x86_64 GNU/Linux
Done to execute

 Message to client:
Mon Jul 30 01:30:42 CDT 2018
-rw-------+ 1 pvl120030 ce 0 Jul 30 01:30 junk.txt
Done to execute
Client said date; ls -l junk.txt; touch junk.txt 
 from Thread ID= 3957905152
Client said date; ls -l junk.txt; uname -a 
 from Thread ID= 4043314944

 Command input from client :
 date; ls -l junk.txt; touch junk.txt 

 Command input from client :
 date; ls -l junk.txt; uname -a 

 Message to client:
Mon Jul 30 01:30:43 CDT 2018
Linux cslinux1.utdallas.edu 3.10.0-693.21.1.el7.x86_64 #1 SMP Wed Mar 7 19:03:37 UTC 2018 x86_64 x86_64 x86_64 GNU/Linux
Done to execute

 Message to client:
Mon Jul 30 01:30:43 CDT 2018
Done to execute
Client said date; ls -l junk.txt; uname -a 
 from Thread ID= 4043314944

 Command input from client :
 date; ls -l junk.txt; uname -a 

 Message to client:
Mon Jul 30 01:30:44 CDT 2018
-rw-------+ 1 pvl120030 ce 0 Jul 30 01:30 junk.txt
Linux cslinux1.utdallas.edu 3.10.0-693.21.1.el7.x86_64 #1 SMP Wed Mar 7 19:03:37 UTC 2018 x86_64 x86_64 x86_64 GNU/Linux
Done to execute
Client said date; ls -l junk.txt; rm -f junk.txt 
 from Thread ID= 4034922240

 Command input from client :
 date; ls -l junk.txt; rm -f junk.txt 

 Message to client:
Mon Jul 30 01:30:45 CDT 2018
-rw-------+ 1 pvl120030 ce 0 Jul 30 01:30 junk.txt
Done to execute
Client said date; ls -l junk.txt; touch junk.txt 
 from Thread ID= 3957905152

 Command input from client :
 date; ls -l junk.txt; touch junk.txt 
Client said date; ls -l junk.txt; uname -a 
 from Thread ID= 4043314944

 Message to client:
Mon Jul 30 01:30:45 CDT 2018
Done to execute

 Command input from client :
 date; ls -l junk.txt; uname -a 

 Message to client:
Mon Jul 30 01:30:45 CDT 2018
-rw-------+ 1 pvl120030 ce 0 Jul 30 01:30 junk.txt
Linux cslinux1.utdallas.edu 3.10.0-693.21.1.el7.x86_64 #1 SMP Wed Mar 7 19:03:37 UTC 2018 x86_64 x86_64 x86_64 GNU/Linux
Done to execute
Client said date; ls -l junk.txt; uname -a 
 from Thread ID= 4043314944

 Command input from client :
 date; ls -l junk.txt; uname -a 

 Message to client:
Mon Jul 30 01:30:46 CDT 2018
-rw-------+ 1 pvl120030 ce 0 Jul 30 01:30 junk.txt
Linux cslinux1.utdallas.edu 3.10.0-693.21.1.el7.x86_64 #1 SMP Wed Mar 7 19:03:37 UTC 2018 x86_64 x86_64 x86_64 GNU/Linux
Done to execute
Client said date; ls -l junk.txt; touch junk.txt 
 from Thread ID= 3957905152

 Command input from client :
 date; ls -l junk.txt; touch junk.txt 

 Message to client:
Mon Jul 30 01:30:47 CDT 2018
-rw-------+ 1 pvl120030 ce 0 Jul 30 01:30 junk.txt
Done to execute
Client said date; ls -l junk.txt; uname -a 
 from Thread ID= 4043314944

 Command input from client :
 date; ls -l junk.txt; uname -a 

 Message to client:
Mon Jul 30 01:30:48 CDT 2018
-rw-------+ 1 pvl120030 ce 0 Jul 30 01:30 junk.txt
Linux cslinux1.utdallas.edu 3.10.0-693.21.1.el7.x86_64 #1 SMP Wed Mar 7 19:03:37 UTC 2018 x86_64 x86_64 x86_64 GNU/Linux
Done to execute
Client said date; ls -l junk.txt; rm -f junk.txt 
 from Thread ID= 4034922240

 Command input from client :
 date; ls -l junk.txt; rm -f junk.txt 

 Message to client:
Mon Jul 30 01:30:48 CDT 2018
-rw-------+ 1 pvl120030 ce 0 Jul 30 01:30 junk.txt
Done to execute
Client said date; ls -l junk.txt; uname -a 
 from Thread ID= 4043314944

 Command input from client :
 date; ls -l junk.txt; uname -a 

 Message to client:
Mon Jul 30 01:30:49 CDT 2018
Linux cslinux1.utdallas.edu 3.10.0-693.21.1.el7.x86_64 #1 SMP Wed Mar 7 19:03:37 UTC 2018 x86_64 x86_64 x86_64 GNU/Linux
Done to execute
Client said date; ls -l junk.txt; touch junk.txt 
 from Thread ID= 3957905152

 Command input from client :
 date; ls -l junk.txt; touch junk.txt 

 Message to client:
Mon Jul 30 01:30:50 CDT 2018
Done to execute
Client said date; ls -l junk.txt; uname -a 
 from Thread ID= 4043314944

 Command input from client :
 date; ls -l junk.txt; uname -a 

 Message to client:
Mon Jul 30 01:30:50 CDT 2018
-rw-------+ 1 pvl120030 ce 0 Jul 30 01:30 junk.txt
Linux cslinux1.utdallas.edu 3.10.0-693.21.1.el7.x86_64 #1 SMP Wed Mar 7 19:03:37 UTC 2018 x86_64 x86_64 x86_64 GNU/Linux
Done to execute
Client said date; ls -l junk.txt; uname -a 
 from Thread ID= 4043314944

 Command input from client :
 date; ls -l junk.txt; uname -a 

 Message to client:
Mon Jul 30 01:30:51 CDT 2018
-rw-------+ 1 pvl120030 ce 0 Jul 30 01:30 junk.txt
Linux cslinux1.utdallas.edu 3.10.0-693.21.1.el7.x86_64 #1 SMP Wed Mar 7 19:03:37 UTC 2018 x86_64 x86_64 x86_64 GNU/Linux
Done to execute
Client said date; ls -l junk.txt; rm -f junk.txt 
 from Thread ID= 4034922240

 Command input from client :
 date; ls -l junk.txt; rm -f junk.txt 

 Message to client:
Mon Jul 30 01:30:51 CDT 2018
-rw-------+ 1 pvl120030 ce 0 Jul 30 01:30 junk.txt
Done to execute
Client said date; ls -l junk.txt; touch junk.txt 
 from Thread ID= 3957905152

 Command input from client :
 date; ls -l junk.txt; touch junk.txt 

 Message to client:
Mon Jul 30 01:30:52 CDT 2018
Done to execute
Client said date; ls -l junk.txt; uname -a 
 from Thread ID= 4043314944

 Command input from client :
 date; ls -l junk.txt; uname -a 

 Message to client:
Mon Jul 30 01:30:52 CDT 2018
-rw-------+ 1 pvl120030 ce 0 Jul 30 01:30 junk.txt
Linux cslinux1.utdallas.edu 3.10.0-693.21.1.el7.x86_64 #1 SMP Wed Mar 7 19:03:37 UTC 2018 x86_64 x86_64 x86_64 GNU/Linux
Done to execute
Client said date; ls -l junk.txt; uname -a 
 from Thread ID= 4043314944

 Command input from client :
 date; ls -l junk.txt; uname -a 

 Message to client:
Mon Jul 30 01:30:53 CDT 2018
-rw-------+ 1 pvl120030 ce 0 Jul 30 01:30 junk.txt
Linux cslinux1.utdallas.edu 3.10.0-693.21.1.el7.x86_64 #1 SMP Wed Mar 7 19:03:37 UTC 2018 x86_64 x86_64 x86_64 GNU/Linux
Done to execute
Client said date; ls -l junk.txt; touch junk.txt 
 from Thread ID= 3957905152

 Command input from client :
 date; ls -l junk.txt; touch junk.txt 

 Message to client:
Mon Jul 30 01:30:54 CDT 2018
-rw-------+ 1 pvl120030 ce 0 Jul 30 01:30 junk.txt
Done to execute
Client said date; ls -l junk.txt; rm -f junk.txt 
 from Thread ID= 4034922240

 Command input from client :
 date; ls -l junk.txt; rm -f junk.txt 

 Message to client:
Mon Jul 30 01:30:54 CDT 2018
-rw-------+ 1 pvl120030 ce 0 Jul 30 01:30 junk.txt
Done to execute
Client said date; ls -l junk.txt; uname -a 
 from Thread ID= 4043314944

 Command input from client :
 date; ls -l junk.txt; uname -a 

 Message to client:
Mon Jul 30 01:30:55 CDT 2018
Linux cslinux1.utdallas.edu 3.10.0-693.21.1.el7.x86_64 #1 SMP Wed Mar 7 19:03:37 UTC 2018 x86_64 x86_64 x86_64 GNU/Linux
Done to execute
Client said date; ls -l junk.txt; uname -a 
 from Thread ID= 4043314944

 Command input from client :
 date; ls -l junk.txt; uname -a 

 Message to client:
Mon Jul 30 01:30:56 CDT 2018
Linux cslinux1.utdallas.edu 3.10.0-693.21.1.el7.x86_64 #1 SMP Wed Mar 7 19:03:37 UTC 2018 x86_64 x86_64 x86_64 GNU/Linux
Done to execute
Client said date; ls -l junk.txt; touch junk.txt 
 from Thread ID= 3957905152

 Command input from client :
 date; ls -l junk.txt; touch junk.txt 

 Message to client:
Mon Jul 30 01:30:56 CDT 2018
Done to execute
Client said date; ls -l junk.txt; uname -a 
 from Thread ID= 4043314944

 Command input from client :
 date; ls -l junk.txt; uname -a 

 Message to client:
Mon Jul 30 01:30:57 CDT 2018
-rw-------+ 1 pvl120030 ce 0 Jul 30 01:30 junk.txt
Linux cslinux1.utdallas.edu 3.10.0-693.21.1.el7.x86_64 #1 SMP Wed Mar 7 19:03:37 UTC 2018 x86_64 x86_64 x86_64 GNU/Linux
Done to execute
Client said date; ls -l junk.txt; rm -f junk.txt 
 from Thread ID= 4034922240

 Command input from client :
 date; ls -l junk.txt; rm -f junk.txt 

 Message to client:
Mon Jul 30 01:30:58 CDT 2018
-rw-------+ 1 pvl120030 ce 0 Jul 30 01:30 junk.txt
Done to execute
Client said date; ls -l junk.txt; uname -a 
 from Thread ID= 4043314944

 Command input from client :
 date; ls -l junk.txt; uname -a 

 Message to client:
Mon Jul 30 01:30:58 CDT 2018
Linux cslinux1.utdallas.edu 3.10.0-693.21.1.el7.x86_64 #1 SMP Wed Mar 7 19:03:37 UTC 2018 x86_64 x86_64 x86_64 GNU/Linux
Done to execute
Client said date; ls -l junk.txt; touch junk.txt 
 from Thread ID= 3957905152

 Command input from client :
 date; ls -l junk.txt; touch junk.txt 

 Message to client:
Mon Jul 30 01:30:58 CDT 2018
Done to execute
Client said date; ls -l junk.txt; uname -a 
 from Thread ID= 4043314944

 Command input from client :
 date; ls -l junk.txt; uname -a 

 Message to client:
Mon Jul 30 01:30:59 CDT 2018
-rw-------+ 1 pvl120030 ce 0 Jul 30 01:30 junk.txt
Linux cslinux1.utdallas.edu 3.10.0-693.21.1.el7.x86_64 #1 SMP Wed Mar 7 19:03:37 UTC 2018 x86_64 x86_64 x86_64 GNU/Linux
Done to execute
Client said date; ls -l junk.txt; uname -a 
 from Thread ID= 4043314944

 Command input from client :
 date; ls -l junk.txt; uname -a 

 Message to client:
Mon Jul 30 01:31:00 CDT 2018
-rw-------+ 1 pvl120030 ce 0 Jul 30 01:30 junk.txt
Linux cslinux1.utdallas.edu 3.10.0-693.21.1.el7.x86_64 #1 SMP Wed Mar 7 19:03:37 UTC 2018 x86_64 x86_64 x86_64 GNU/Linux
Done to execute
Client said date; ls -l junk.txt; touch junk.txt 
 from Thread ID= 3957905152

 Command input from client :
 date; ls -l junk.txt; touch junk.txt 
Client said date; ls -l junk.txt; rm -f junk.txt 
 from Thread ID= 4034922240

 Command input from client :
 date; ls -l junk.txt; rm -f junk.txt 

 Message to client:
Mon Jul 30 01:31:01 CDT 2018
-rw-------+ 1 pvl120030 ce 0 Jul 30 01:30 junk.txt
Done to execute

 Message to client:
Mon Jul 30 01:31:01 CDT 2018
-rw-------+ 1 pvl120030 ce 0 Jul 30 01:31 junk.txt
Done to execute
Client said date; ls -l junk.txt; uname -a 
 from Thread ID= 4043314944

 Command input from client :
 date; ls -l junk.txt; uname -a 

 Message to client:
Mon Jul 30 01:31:02 CDT 2018
Linux cslinux1.utdallas.edu 3.10.0-693.21.1.el7.x86_64 #1 SMP Wed Mar 7 19:03:37 UTC 2018 x86_64 x86_64 x86_64 GNU/Linux
Done to execute
Client said date; ls -l junk.txt; uname -a 
 from Thread ID= 4043314944

 Command input from client :
 date; ls -l junk.txt; uname -a 

 Message to client:
Mon Jul 30 01:31:03 CDT 2018
Linux cslinux1.utdallas.edu 3.10.0-693.21.1.el7.x86_64 #1 SMP Wed Mar 7 19:03:37 UTC 2018 x86_64 x86_64 x86_64 GNU/Linux
Done to execute
Client said date; ls -l junk.txt; touch junk.txt 
 from Thread ID= 3957905152

 Command input from client :
 date; ls -l junk.txt; touch junk.txt 

 Message to client:
Mon Jul 30 01:31:03 CDT 2018
Done to execute
Client said date; ls -l junk.txt; uname -a 
 from Thread ID= 4043314944

 Command input from client :
 date; ls -l junk.txt; uname -a 

 Message to client:
Mon Jul 30 01:31:04 CDT 2018
-rw-------+ 1 pvl120030 ce 0 Jul 30 01:31 junk.txt
Linux cslinux1.utdallas.edu 3.10.0-693.21.1.el7.x86_64 #1 SMP Wed Mar 7 19:03:37 UTC 2018 x86_64 x86_64 x86_64 GNU/Linux
Done to execute
Client said date; ls -l junk.txt; rm -f junk.txt 
 from Thread ID= 4034922240

 Command input from client :
 date; ls -l junk.txt; rm -f junk.txt 

 Message to client:
Mon Jul 30 01:31:04 CDT 2018
-rw-------+ 1 pvl120030 ce 0 Jul 30 01:31 junk.txt
Done to execute
Client said date; ls -l junk.txt; uname -a 
 from Thread ID= 4043314944

 Command input from client :
 date; ls -l junk.txt; uname -a 

 Message to client:
Mon Jul 30 01:31:05 CDT 2018
Linux cslinux1.utdallas.edu 3.10.0-693.21.1.el7.x86_64 #1 SMP Wed Mar 7 19:03:37 UTC 2018 x86_64 x86_64 x86_64 GNU/Linux
Done to execute
Client said date; ls -l junk.txt; touch junk.txt 
 from Thread ID= 3957905152

 Command input from client :
 date; ls -l junk.txt; touch junk.txt 

 Message to client:
Mon Jul 30 01:31:05 CDT 2018
Done to execute
Client said date; ls -l junk.txt; uname -a 
 from Thread ID= 4043314944

 Command input from client :
 date; ls -l junk.txt; uname -a 

 Message to client:
Mon Jul 30 01:31:06 CDT 2018
-rw-------+ 1 pvl120030 ce 0 Jul 30 01:31 junk.txt
Linux cslinux1.utdallas.edu 3.10.0-693.21.1.el7.x86_64 #1 SMP Wed Mar 7 19:03:37 UTC 2018 x86_64 x86_64 x86_64 GNU/Linux
Done to execute
Client said date; ls -l junk.txt; rm -f junk.txt 
 from Thread ID= 4034922240

 Command input from client :
 date; ls -l junk.txt; rm -f junk.txt 
Client said date; ls -l junk.txt; uname -a 
 from Thread ID= 4043314944

 Message to client:
Mon Jul 30 01:31:07 CDT 2018
-rw-------+ 1 pvl120030 ce 0 Jul 30 01:31 junk.txt
Done to execute

 Command input from client :
 date; ls -l junk.txt; uname -a 

 Message to client:
Mon Jul 30 01:31:07 CDT 2018
Linux cslinux1.utdallas.edu 3.10.0-693.21.1.el7.x86_64 #1 SMP Wed Mar 7 19:03:37 UTC 2018 x86_64 x86_64 x86_64 GNU/Linux
Done to execute
Client said date; ls -l junk.txt; touch junk.txt 
 from Thread ID= 3957905152

 Command input from client :
 date; ls -l junk.txt; touch junk.txt 

 Message to client:
Mon Jul 30 01:31:08 CDT 2018
Done to execute
Client said date; ls -l junk.txt; uname -a 
 from Thread ID= 4043314944

 Command input from client :
 date; ls -l junk.txt; uname -a 

 Message to client:
Mon Jul 30 01:31:09 CDT 2018
-rw-------+ 1 pvl120030 ce 0 Jul 30 01:31 junk.txt
Linux cslinux1.utdallas.edu 3.10.0-693.21.1.el7.x86_64 #1 SMP Wed Mar 7 19:03:37 UTC 2018 x86_64 x86_64 x86_64 GNU/Linux
Done to execute
Client said date; ls -l junk.txt; uname -a 
 from Thread ID= 4043314944

 Command input from client :
 date; ls -l junk.txt; uname -a 

 Message to client:
Mon Jul 30 01:31:10 CDT 2018
-rw-------+ 1 pvl120030 ce 0 Jul 30 01:31 junk.txt
Linux cslinux1.utdallas.edu 3.10.0-693.21.1.el7.x86_64 #1 SMP Wed Mar 7 19:03:37 UTC 2018 x86_64 x86_64 x86_64 GNU/Linux
Done to execute
Client said date; ls -l junk.txt; touch junk.txt 
 from Thread ID= 3957905152

 Command input from client :
 date; ls -l junk.txt; touch junk.txt 

 Message to client:
Mon Jul 30 01:31:10 CDT 2018
-rw-------+ 1 pvl120030 ce 0 Jul 30 01:31 junk.txt
Done to execute
Client said date; ls -l junk.txt; rm -f junk.txt 
 from Thread ID= 4034922240

 Command input from client :
 date; ls -l junk.txt; rm -f junk.txt 

 Message to client:
Mon Jul 30 01:31:11 CDT 2018
-rw-------+ 1 pvl120030 ce 0 Jul 30 01:31 junk.txt
Done to execute
Client said date; ls -l junk.txt; uname -a 
 from Thread ID= 4043314944

 Command input from client :
 date; ls -l junk.txt; uname -a 

 Message to client:
Mon Jul 30 01:31:11 CDT 2018
Linux cslinux1.utdallas.edu 3.10.0-693.21.1.el7.x86_64 #1 SMP Wed Mar 7 19:03:37 UTC 2018 x86_64 x86_64 x86_64 GNU/Linux
Done to execute
Client said date; ls -l junk.txt; touch junk.txt 
 from Thread ID= 3957905152

 Command input from client :
 date; ls -l junk.txt; touch junk.txt 
Client said date; ls -l junk.txt; uname -a 
 from Thread ID= 4043314944

 Command input from client :
 date; ls -l junk.txt; uname -a 

 Message to client:
Mon Jul 30 01:31:12 CDT 2018
Done to execute

 Message to client:
Mon Jul 30 01:31:12 CDT 2018
-rw-------+ 1 pvl120030 ce 0 Jul 30 01:31 junk.txt
Linux cslinux1.utdallas.edu 3.10.0-693.21.1.el7.x86_64 #1 SMP Wed Mar 7 19:03:37 UTC 2018 x86_64 x86_64 x86_64 GNU/Linux
Done to execute
Client said date; ls -l junk.txt; uname -a 
 from Thread ID= 4043314944

 Command input from client :
 date; ls -l junk.txt; uname -a 

 Message to client:
Mon Jul 30 01:31:13 CDT 2018
-rw-------+ 1 pvl120030 ce 0 Jul 30 01:31 junk.txt
Linux cslinux1.utdallas.edu 3.10.0-693.21.1.el7.x86_64 #1 SMP Wed Mar 7 19:03:37 UTC 2018 x86_64 x86_64 x86_64 GNU/Linux
Done to execute
Client said date; ls -l junk.txt; rm -f junk.txt 
 from Thread ID= 4034922240

 Command input from client :
 date; ls -l junk.txt; rm -f junk.txt 

 Message to client:
Mon Jul 30 01:31:14 CDT 2018
-rw-------+ 1 pvl120030 ce 0 Jul 30 01:31 junk.txt
Done to execute
Client said date; ls -l junk.txt; touch junk.txt 
 from Thread ID= 3957905152

 Command input from client :
 date; ls -l junk.txt; touch junk.txt 

 Message to client:
Mon Jul 30 01:31:14 CDT 2018
Done to execute
Client said date; ls -l junk.txt; uname -a 
 from Thread ID= 4043314944

 Command input from client :
 date; ls -l junk.txt; uname -a 

 Message to client:
Mon Jul 30 01:31:14 CDT 2018
-rw-------+ 1 pvl120030 ce 0 Jul 30 01:31 junk.txt
Linux cslinux1.utdallas.edu 3.10.0-693.21.1.el7.x86_64 #1 SMP Wed Mar 7 19:03:37 UTC 2018 x86_64 x86_64 x86_64 GNU/Linux
Done to execute
Client said date; ls -l junk.txt; uname -a 
 from Thread ID= 4043314944

 Command input from client :
 date; ls -l junk.txt; uname -a 

 Message to client:
Mon Jul 30 01:31:16 CDT 2018
-rw-------+ 1 pvl120030 ce 0 Jul 30 01:31 junk.txt
Linux cslinux1.utdallas.edu 3.10.0-693.21.1.el7.x86_64 #1 SMP Wed Mar 7 19:03:37 UTC 2018 x86_64 x86_64 x86_64 GNU/Linux
Done to execute
Client said date; ls -l junk.txt; touch junk.txt 
 from Thread ID= 3957905152

 Command input from client :
 date; ls -l junk.txt; touch junk.txt 

 Message to client:
Mon Jul 30 01:31:17 CDT 2018
-rw-------+ 1 pvl120030 ce 0 Jul 30 01:31 junk.txt
Done to execute
Client said date; ls -l junk.txt; uname -a 
 from Thread ID= 4043314944

 Command input from client :
 date; ls -l junk.txt; uname -a 

 Message to client:
Mon Jul 30 01:31:17 CDT 2018
-rw-------+ 1 pvl120030 ce 0 Jul 30 01:31 junk.txt
Linux cslinux1.utdallas.edu 3.10.0-693.21.1.el7.x86_64 #1 SMP Wed Mar 7 19:03:37 UTC 2018 x86_64 x86_64 x86_64 GNU/Linux
Done to execute
Client said date; ls -l junk.txt; rm -f junk.txt 
 from Thread ID= 4034922240

 Command input from client :
 date; ls -l junk.txt; rm -f junk.txt 

 Message to client:
Mon Jul 30 01:31:17 CDT 2018
-rw-------+ 1 pvl120030 ce 0 Jul 30 01:31 junk.txt
Done to execute
Client said date; ls -l junk.txt; uname -a 
 from Thread ID= 4043314944

 Command input from client :
 date; ls -l junk.txt; uname -a 

 Message to client:
Mon Jul 30 01:31:18 CDT 2018
Linux cslinux1.utdallas.edu 3.10.0-693.21.1.el7.x86_64 #1 SMP Wed Mar 7 19:03:37 UTC 2018 x86_64 x86_64 x86_64 GNU/Linux
Done to execute
Client said date; ls -l junk.txt; touch junk.txt 
 from Thread ID= 3957905152

 Command input from client :
 date; ls -l junk.txt; touch junk.txt 

 Message to client:
Mon Jul 30 01:31:19 CDT 2018
Done to execute
Client said date; ls -l junk.txt; uname -a 
 from Thread ID= 4043314944

 Command input from client :
 date; ls -l junk.txt; uname -a 

 Message to client:
Mon Jul 30 01:31:19 CDT 2018
-rw-------+ 1 pvl120030 ce 0 Jul 30 01:31 junk.txt
Linux cslinux1.utdallas.edu 3.10.0-693.21.1.el7.x86_64 #1 SMP Wed Mar 7 19:03:37 UTC 2018 x86_64 x86_64 x86_64 GNU/Linux
Done to execute
Client said date; ls -l junk.txt; rm -f junk.txt 
 from Thread ID= 4034922240

 Command input from client :
 date; ls -l junk.txt; rm -f junk.txt 

 Message to client:
Mon Jul 30 01:31:20 CDT 2018
-rw-------+ 1 pvl120030 ce 0 Jul 30 01:31 junk.txt
Done to execute
Client said date; ls -l junk.txt; uname -a 
 from Thread ID= 4043314944

 Command input from client :
 date; ls -l junk.txt; uname -a 

 Message to client:
Mon Jul 30 01:31:20 CDT 2018
Linux cslinux1.utdallas.edu 3.10.0-693.21.1.el7.x86_64 #1 SMP Wed Mar 7 19:03:37 UTC 2018 x86_64 x86_64 x86_64 GNU/Linux
Done to execute
Client said date; ls -l junk.txt; touch junk.txt 
 from Thread ID= 3957905152

 Command input from client :
 date; ls -l junk.txt; touch junk.txt 

 Message to client:
Mon Jul 30 01:31:21 CDT 2018
Done to execute
Client said date; ls -l junk.txt; uname -a 
 from Thread ID= 4043314944

 Command input from client :
 date; ls -l junk.txt; uname -a 

 Message to client:
Mon Jul 30 01:31:21 CDT 2018
-rw-------+ 1 pvl120030 ce 0 Jul 30 01:31 junk.txt
Linux cslinux1.utdallas.edu 3.10.0-693.21.1.el7.x86_64 #1 SMP Wed Mar 7 19:03:37 UTC 2018 x86_64 x86_64 x86_64 GNU/Linux
Done to execute
Client said date; ls -l junk.txt; uname -a 
 from Thread ID= 4043314944

 Command input from client :
 date; ls -l junk.txt; uname -a 

 Message to client:
Mon Jul 30 01:31:23 CDT 2018
-rw-------+ 1 pvl120030 ce 0 Jul 30 01:31 junk.txt
Linux cslinux1.utdallas.edu 3.10.0-693.21.1.el7.x86_64 #1 SMP Wed Mar 7 19:03:37 UTC 2018 x86_64 x86_64 x86_64 GNU/Linux
Done to execute
Client said date; ls -l junk.txt; rm -f junk.txt 
 from Thread ID= 4034922240

 Command input from client :
 date; ls -l junk.txt; rm -f junk.txt 

 Message to client:
Mon Jul 30 01:31:23 CDT 2018
-rw-------+ 1 pvl120030 ce 0 Jul 30 01:31 junk.txt
Done to execute
Client said date; ls -l junk.txt; uname -a 
 from Thread ID= 4043314944

 Command input from client :
 date; ls -l junk.txt; uname -a 

 Message to client:
Mon Jul 30 01:31:24 CDT 2018
Linux cslinux1.utdallas.edu 3.10.0-693.21.1.el7.x86_64 #1 SMP Wed Mar 7 19:03:37 UTC 2018 x86_64 x86_64 x86_64 GNU/Linux
Done to execute
Client said date; ls -l junk.txt; uname -a 
 from Thread ID= 4043314944

 Command input from client :
 date; ls -l junk.txt; uname -a 

 Message to client:
Mon Jul 30 01:31:25 CDT 2018
Linux cslinux1.utdallas.edu 3.10.0-693.21.1.el7.x86_64 #1 SMP Wed Mar 7 19:03:37 UTC 2018 x86_64 x86_64 x86_64 GNU/Linux
Done to execute
