Message from server:
 Mon Jul 30 01:30:30 CDT 2018
-rw-------+ 1 pvl120030 ce 0 Jul 30 01:30 junk.txt
Linux cslinux1.utdallas.edu 3.10.0-693.21.1.el7.x86_64 #1 SMP Wed Mar 7 19:03:37 UTC 2018 x86_64 x86_64 x86_64 GNU/Linux
Done to execute

Message from server:
 Mon Jul 30 01:30:31 CDT 2018
-rw-------+ 1 pvl120030 ce 0 Jul 30 01:30 junk.txt
Linux cslinux1.utdallas.edu 3.10.0-693.21.1.el7.x86_64 #1 SMP Wed Mar 7 19:03:37 UTC 2018 x86_64 x86_64 x86_64 GNU/Linux
Done to execute

Message from server:
 Mon Jul 30 01:30:32 CDT 2018
Linux cslinux1.utdallas.edu 3.10.0-693.21.1.el7.x86_64 #1 SMP Wed Mar 7 19:03:37 UTC 2018 x86_64 x86_64 x86_64 GNU/Linux
Done to execute

Message from server:
 Mon Jul 30 01:30:33 CDT 2018
Linux cslinux1.utdallas.edu 3.10.0-693.21.1.el7.x86_64 #1 SMP Wed Mar 7 19:03:37 UTC 2018 x86_64 x86_64 x86_64 GNU/Linux
Done to execute

Message from server:
 Mon Jul 30 01:30:35 CDT 2018
-rw-------+ 1 pvl120030 ce 0 Jul 30 01:30 junk.txt
Linux cslinux1.utdallas.edu 3.10.0-693.21.1.el7.x86_64 #1 SMP Wed Mar 7 19:03:37 UTC 2018 x86_64 x86_64 x86_64 GNU/Linux
Done to execute

Message from server:
 Mon Jul 30 01:30:36 CDT 2018
Linux cslinux1.utdallas.edu 3.10.0-693.21.1.el7.x86_64 #1 SMP Wed Mar 7 19:03:37 UTC 2018 x86_64 x86_64 x86_64 GNU/Linux
Done to execute

Message from server:
 Mon Jul 30 01:30:37 CDT 2018
-rw-------+ 1 pvl120030 ce 0 Jul 30 01:30 junk.txt
Linux cslinux1.utdallas.edu 3.10.0-693.21.1.el7.x86_64 #1 SMP Wed Mar 7 19:03:37 UTC 2018 x86_64 x86_64 x86_64 GNU/Linux
Done to execute

Message from server:
 Mon Jul 30 01:30:38 CDT 2018
-rw-------+ 1 pvl120030 ce 0 Jul 30 01:30 junk.txt
Linux cslinux1.utdallas.edu 3.10.0-693.21.1.el7.x86_64 #1 SMP Wed Mar 7 19:03:37 UTC 2018 x86_64 x86_64 x86_64 GNU/Linux
Done to execute

Message from server:
 Mon Jul 30 01:30:39 CDT 2018
-rw-------+ 1 pvl120030 ce 0 Jul 30 01:30 junk.txt
Linux cslinux1.utdallas.edu 3.10.0-693.21.1.el7.x86_64 #1 SMP Wed Mar 7 19:03:37 UTC 2018 x86_64 x86_64 x86_64 GNU/Linux
Done to execute

Message from server:
 Mon Jul 30 01:30:40 CDT 2018
-rw-------+ 1 pvl120030 ce 0 Jul 30 01:30 junk.txt
Linux cslinux1.utdallas.edu 3.10.0-693.21.1.el7.x86_64 #1 SMP Wed Mar 7 19:03:37 UTC 2018 x86_64 x86_64 x86_64 GNU/Linux
Done to execute

Message from server:
 Mon Jul 30 01:30:42 CDT 2018
-rw-------+ 1 pvl120030 ce 0 Jul 30 01:30 junk.txt
Linux cslinux1.utdallas.edu 3.10.0-693.21.1.el7.x86_64 #1 SMP Wed Mar 7 19:03:37 UTC 2018 x86_64 x86_64 x86_64 GNU/Linux
Done to execute

Message from server:
 Mon Jul 30 01:30:43 CDT 2018
Linux cslinux1.utdallas.edu 3.10.0-693.21.1.el7.x86_64 #1 SMP Wed Mar 7 19:03:37 UTC 2018 x86_64 x86_64 x86_64 GNU/Linux
Done to execute

Message from server:
 Mon Jul 30 01:30:44 CDT 2018
-rw-------+ 1 pvl120030 ce 0 Jul 30 01:30 junk.txt
Linux cslinux1.utdallas.edu 3.10.0-693.21.1.el7.x86_64 #1 SMP Wed Mar 7 19:03:37 UTC 2018 x86_64 x86_64 x86_64 GNU/Linux
Done to execute

Message from server:
 Mon Jul 30 01:30:45 CDT 2018
-rw-------+ 1 pvl120030 ce 0 Jul 30 01:30 junk.txt
Linux cslinux1.utdallas.edu 3.10.0-693.21.1.el7.x86_64 #1 SMP Wed Mar 7 19:03:37 UTC 2018 x86_64 x86_64 x86_64 GNU/Linux
Done to execute

Message from server:
 Mon Jul 30 01:30:46 CDT 2018
-rw-------+ 1 pvl120030 ce 0 Jul 30 01:30 junk.txt
Linux cslinux1.utdallas.edu 3.10.0-693.21.1.el7.x86_64 #1 SMP Wed Mar 7 19:03:37 UTC 2018 x86_64 x86_64 x86_64 GNU/Linux
Done to execute

Message from server:
 Mon Jul 30 01:30:48 CDT 2018
-rw-------+ 1 pvl120030 ce 0 Jul 30 01:30 junk.txt
Linux cslinux1.utdallas.edu 3.10.0-693.21.1.el7.x86_64 #1 SMP Wed Mar 7 19:03:37 UTC 2018 x86_64 x86_64 x86_64 GNU/Linux
Done to execute

Message from server:
 Mon Jul 30 01:30:49 CDT 2018
Linux cslinux1.utdallas.edu 3.10.0-693.21.1.el7.x86_64 #1 SMP Wed Mar 7 19:03:37 UTC 2018 x86_64 x86_64 x86_64 GNU/Linux
Done to execute

Message from server:
 Mon Jul 30 01:30:50 CDT 2018
-rw-------+ 1 pvl120030 ce 0 Jul 30 01:30 junk.txt
Linux cslinux1.utdallas.edu 3.10.0-693.21.1.el7.x86_64 #1 SMP Wed Mar 7 19:03:37 UTC 2018 x86_64 x86_64 x86_64 GNU/Linux
Done to execute

Message from server:
 Mon Jul 30 01:30:51 CDT 2018
-rw-------+ 1 pvl120030 ce 0 Jul 30 01:30 junk.txt
Linux cslinux1.utdallas.edu 3.10.0-693.21.1.el7.x86_64 #1 SMP Wed Mar 7 19:03:37 UTC 2018 x86_64 x86_64 x86_64 GNU/Linux
Done to execute

Message from server:
 Mon Jul 30 01:30:52 CDT 2018
-rw-------+ 1 pvl120030 ce 0 Jul 30 01:30 junk.txt
Linux cslinux1.utdallas.edu 3.10.0-693.21.1.el7.x86_64 #1 SMP Wed Mar 7 19:03:37 UTC 2018 x86_64 x86_64 x86_64 GNU/Linux
Done to execute

Message from server:
 Mon Jul 30 01:30:53 CDT 2018
-rw-------+ 1 pvl120030 ce 0 Jul 30 01:30 junk.txt
Linux cslinux1.utdallas.edu 3.10.0-693.21.1.el7.x86_64 #1 SMP Wed Mar 7 19:03:37 UTC 2018 x86_64 x86_64 x86_64 GNU/Linux
Done to execute

Message from server:
 Mon Jul 30 01:30:55 CDT 2018
Linux cslinux1.utdallas.edu 3.10.0-693.21.1.el7.x86_64 #1 SMP Wed Mar 7 19:03:37 UTC 2018 x86_64 x86_64 x86_64 GNU/Linux
Done to execute

Message from server:
 Mon Jul 30 01:30:56 CDT 2018
Linux cslinux1.utdallas.edu 3.10.0-693.21.1.el7.x86_64 #1 SMP Wed Mar 7 19:03:37 UTC 2018 x86_64 x86_64 x86_64 GNU/Linux
Done to execute

Message from server:
 Mon Jul 30 01:30:57 CDT 2018
-rw-------+ 1 pvl120030 ce 0 Jul 30 01:30 junk.txt
Linux cslinux1.utdallas.edu 3.10.0-693.21.1.el7.x86_64 #1 SMP Wed Mar 7 19:03:37 UTC 2018 x86_64 x86_64 x86_64 GNU/Linux
Done to execute

Message from server:
 Mon Jul 30 01:30:58 CDT 2018
Linux cslinux1.utdallas.edu 3.10.0-693.21.1.el7.x86_64 #1 SMP Wed Mar 7 19:03:37 UTC 2018 x86_64 x86_64 x86_64 GNU/Linux
Done to execute

Message from server:
 Mon Jul 30 01:30:59 CDT 2018
-rw-------+ 1 pvl120030 ce 0 Jul 30 01:30 junk.txt
Linux cslinux1.utdallas.edu 3.10.0-693.21.1.el7.x86_64 #1 SMP Wed Mar 7 19:03:37 UTC 2018 x86_64 x86_64 x86_64 GNU/Linux
Done to execute

Message from server:
 Mon Jul 30 01:31:00 CDT 2018
-rw-------+ 1 pvl120030 ce 0 Jul 30 01:30 junk.txt
Linux cslinux1.utdallas.edu 3.10.0-693.21.1.el7.x86_64 #1 SMP Wed Mar 7 19:03:37 UTC 2018 x86_64 x86_64 x86_64 GNU/Linux
Done to execute

Message from server:
 Mon Jul 30 01:31:02 CDT 2018
Linux cslinux1.utdallas.edu 3.10.0-693.21.1.el7.x86_64 #1 SMP Wed Mar 7 19:03:37 UTC 2018 x86_64 x86_64 x86_64 GNU/Linux
Done to execute

Message from server:
 Mon Jul 30 01:31:03 CDT 2018
Linux cslinux1.utdallas.edu 3.10.0-693.21.1.el7.x86_64 #1 SMP Wed Mar 7 19:03:37 UTC 2018 x86_64 x86_64 x86_64 GNU/Linux
Done to execute

Message from server:
 Mon Jul 30 01:31:04 CDT 2018
-rw-------+ 1 pvl120030 ce 0 Jul 30 01:31 junk.txt
Linux cslinux1.utdallas.edu 3.10.0-693.21.1.el7.x86_64 #1 SMP Wed Mar 7 19:03:37 UTC 2018 x86_64 x86_64 x86_64 GNU/Linux
Done to execute

Message from server:
 Mon Jul 30 01:31:05 CDT 2018
Linux cslinux1.utdallas.edu 3.10.0-693.21.1.el7.x86_64 #1 SMP Wed Mar 7 19:03:37 UTC 2018 x86_64 x86_64 x86_64 GNU/Linux
Done to execute

Message from server:
 Mon Jul 30 01:31:06 CDT 2018
-rw-------+ 1 pvl120030 ce 0 Jul 30 01:31 junk.txt
Linux cslinux1.utdallas.edu 3.10.0-693.21.1.el7.x86_64 #1 SMP Wed Mar 7 19:03:37 UTC 2018 x86_64 x86_64 x86_64 GNU/Linux
Done to execute

Message from server:
 Mon Jul 30 01:31:07 CDT 2018
Linux cslinux1.utdallas.edu 3.10.0-693.21.1.el7.x86_64 #1 SMP Wed Mar 7 19:03:37 UTC 2018 x86_64 x86_64 x86_64 GNU/Linux
Done to execute

Message from server:
 Mon Jul 30 01:31:09 CDT 2018
-rw-------+ 1 pvl120030 ce 0 Jul 30 01:31 junk.txt
Linux cslinux1.utdallas.edu 3.10.0-693.21.1.el7.x86_64 #1 SMP Wed Mar 7 19:03:37 UTC 2018 x86_64 x86_64 x86_64 GNU/Linux
Done to execute

Message from server:
 Mon Jul 30 01:31:10 CDT 2018
-rw-------+ 1 pvl120030 ce 0 Jul 30 01:31 junk.txt
Linux cslinux1.utdallas.edu 3.10.0-693.21.1.el7.x86_64 #1 SMP Wed Mar 7 19:03:37 UTC 2018 x86_64 x86_64 x86_64 GNU/Linux
Done to execute

Message from server:
 Mon Jul 30 01:31:11 CDT 2018
Linux cslinux1.utdallas.edu 3.10.0-693.21.1.el7.x86_64 #1 SMP Wed Mar 7 19:03:37 UTC 2018 x86_64 x86_64 x86_64 GNU/Linux
Done to execute

Message from server:
 Mon Jul 30 01:31:12 CDT 2018
-rw-------+ 1 pvl120030 ce 0 Jul 30 01:31 junk.txt
Linux cslinux1.utdallas.edu 3.10.0-693.21.1.el7.x86_64 #1 SMP Wed Mar 7 19:03:37 UTC 2018 x86_64 x86_64 x86_64 GNU/Linux
Done to execute

Message from server:
 Mon Jul 30 01:31:13 CDT 2018
-rw-------+ 1 pvl120030 ce 0 Jul 30 01:31 junk.txt
Linux cslinux1.utdallas.edu 3.10.0-693.21.1.el7.x86_64 #1 SMP Wed Mar 7 19:03:37 UTC 2018 x86_64 x86_64 x86_64 GNU/Linux
Done to execute

Message from server:
 Mon Jul 30 01:31:14 CDT 2018
-rw-------+ 1 pvl120030 ce 0 Jul 30 01:31 junk.txt
Linux cslinux1.utdallas.edu 3.10.0-693.21.1.el7.x86_64 #1 SMP Wed Mar 7 19:03:37 UTC 2018 x86_64 x86_64 x86_64 GNU/Linux
Done to execute

Message from server:
 Mon Jul 30 01:31:16 CDT 2018
-rw-------+ 1 pvl120030 ce 0 Jul 30 01:31 junk.txt
Linux cslinux1.utdallas.edu 3.10.0-693.21.1.el7.x86_64 #1 SMP Wed Mar 7 19:03:37 UTC 2018 x86_64 x86_64 x86_64 GNU/Linux
Done to execute

Message from server:
 Mon Jul 30 01:31:17 CDT 2018
-rw-------+ 1 pvl120030 ce 0 Jul 30 01:31 junk.txt
Linux cslinux1.utdallas.edu 3.10.0-693.21.1.el7.x86_64 #1 SMP Wed Mar 7 19:03:37 UTC 2018 x86_64 x86_64 x86_64 GNU/Linux
Done to execute

Message from server:
 Mon Jul 30 01:31:18 CDT 2018
Linux cslinux1.utdallas.edu 3.10.0-693.21.1.el7.x86_64 #1 SMP Wed Mar 7 19:03:37 UTC 2018 x86_64 x86_64 x86_64 GNU/Linux
Done to execute

Message from server:
 Mon Jul 30 01:31:19 CDT 2018
-rw-------+ 1 pvl120030 ce 0 Jul 30 01:31 junk.txt
Linux cslinux1.utdallas.edu 3.10.0-693.21.1.el7.x86_64 #1 SMP Wed Mar 7 19:03:37 UTC 2018 x86_64 x86_64 x86_64 GNU/Linux
Done to execute

Message from server:
 Mon Jul 30 01:31:20 CDT 2018
Linux cslinux1.utdallas.edu 3.10.0-693.21.1.el7.x86_64 #1 SMP Wed Mar 7 19:03:37 UTC 2018 x86_64 x86_64 x86_64 GNU/Linux
Done to execute

Message from server:
 Mon Jul 30 01:31:21 CDT 2018
-rw-------+ 1 pvl120030 ce 0 Jul 30 01:31 junk.txt
Linux cslinux1.utdallas.edu 3.10.0-693.21.1.el7.x86_64 #1 SMP Wed Mar 7 19:03:37 UTC 2018 x86_64 x86_64 x86_64 GNU/Linux
Done to execute

Message from server:
 Mon Jul 30 01:31:23 CDT 2018
-rw-------+ 1 pvl120030 ce 0 Jul 30 01:31 junk.txt
Linux cslinux1.utdallas.edu 3.10.0-693.21.1.el7.x86_64 #1 SMP Wed Mar 7 19:03:37 UTC 2018 x86_64 x86_64 x86_64 GNU/Linux
Done to execute

Message from server:
 Mon Jul 30 01:31:24 CDT 2018
Linux cslinux1.utdallas.edu 3.10.0-693.21.1.el7.x86_64 #1 SMP Wed Mar 7 19:03:37 UTC 2018 x86_64 x86_64 x86_64 GNU/Linux
Done to execute

Message from server:
 Mon Jul 30 01:31:25 CDT 2018
Linux cslinux1.utdallas.edu 3.10.0-693.21.1.el7.x86_64 #1 SMP Wed Mar 7 19:03:37 UTC 2018 x86_64 x86_64 x86_64 GNU/Linux
Done to execute

